# JRE version: OpenJDK Runtime Environment (8.0_242-b01) (build 1.8.0_242-release-1644-b01)
# Java VM: OpenJDK 64-Bit Server VM (25.242-b01 mixed mode windows-amd64 compressed oops)
Heap:
 PSYoungGen      total 375808K, used 219179K [0x00000000d5580000, 0x00000000f4b00000, 0x0000000100000000)
  eden space 324096K, 67% used [0x00000000d5580000,0x00000000e2b8acf0,0x00000000e9200000)
  from space 51712K, 0% used [0x00000000e9200000,0x00000000e9200000,0x00000000ec480000)
  to   space 53760K, 0% used [0x00000000f1680000,0x00000000f1680000,0x00000000f4b00000)
 ParOldGen       total 199168K, used 88156K [0x0000000080000000, 0x000000008c280000, 0x00000000d5580000)
  object space 199168K, 44% used [0x0000000080000000,0x0000000085617310,0x000000008c280000)
 Metaspace       used 91506K, capacity 96274K, committed 99112K, reserved 1134592K
  class space    used 12169K, capacity 13071K, committed 14000K, reserved 1048576K
GC Heap History (10 events):
Event: 31.327 GC heap before
{Heap before GC invocations=19 (full 3):
 PSYoungGen      total 268800K, used 268787K [0x00000000d5580000, 0x00000000ebb00000, 0x0000000100000000)
  eden space 240128K, 100% used [0x00000000d5580000,0x00000000e4000000,0x00000000e4000000)
  from space 28672K, 99% used [0x00000000e4000000,0x00000000e5bfce60,0x00000000e5c00000)
  to   space 33792K, 0% used [0x00000000e9a00000,0x00000000e9a00000,0x00000000ebb00000)
 ParOldGen       total 116736K, used 42556K [0x0000000080000000, 0x0000000087200000, 0x00000000d5580000)
  object space 116736K, 36% used [0x0000000080000000,0x000000008298f338,0x0000000087200000)
 Metaspace       used 79732K, capacity 83496K, committed 83624K, reserved 1122304K
  class space    used 10625K, capacity 11390K, committed 11440K, reserved 1048576K
Event: 31.363 GC heap after
Heap after GC invocations=19 (full 3):
 PSYoungGen      total 324096K, used 29807K [0x00000000d5580000, 0x00000000ebb00000, 0x0000000100000000)
  eden space 290304K, 0% used [0x00000000d5580000,0x00000000d5580000,0x00000000e7100000)
  from space 33792K, 88% used [0x00000000e9a00000,0x00000000eb71bcb0,0x00000000ebb00000)
  to   space 37888K, 0% used [0x00000000e7100000,0x00000000e7100000,0x00000000e9600000)
 ParOldGen       total 116736K, used 62408K [0x0000000080000000, 0x0000000087200000, 0x00000000d5580000)
  object space 116736K, 53% used [0x0000000080000000,0x0000000083cf22c0,0x0000000087200000)
 Metaspace       used 79732K, capacity 83496K, committed 83624K, reserved 1122304K
  class space    used 10625K, capacity 11390K, committed 11440K, reserved 1048576K
}
Event: 33.833 GC heap before
{Heap before GC invocations=20 (full 3):
 PSYoungGen      total 324096K, used 320111K [0x00000000d5580000, 0x00000000ebb00000, 0x0000000100000000)
  eden space 290304K, 100% used [0x00000000d5580000,0x00000000e7100000,0x00000000e7100000)
  from space 33792K, 88% used [0x00000000e9a00000,0x00000000eb71bcb0,0x00000000ebb00000)
  to   space 37888K, 0% used [0x00000000e7100000,0x00000000e7100000,0x00000000e9600000)
 ParOldGen       total 116736K, used 62408K [0x0000000080000000, 0x0000000087200000, 0x00000000d5580000)
  object space 116736K, 53% used [0x0000000080000000,0x0000000083cf22c0,0x0000000087200000)
 Metaspace       used 82004K, capacity 85844K, committed 86056K, reserved 1124352K
  class space    used 10810K, capacity 11538K, committed 11568K, reserved 1048576K
Event: 33.883 GC heap after
Heap after GC invocations=20 (full 3):
 PSYoungGen      total 328192K, used 37873K [0x00000000d5580000, 0x00000000ef080000, 0x0000000100000000)
  eden space 290304K, 0% used [0x00000000d5580000,0x00000000d5580000,0x00000000e7100000)
  from space 37888K, 99% used [0x00000000e7100000,0x00000000e95fc560,0x00000000e9600000)
  to   space 45056K, 0% used [0x00000000ec480000,0x00000000ec480000,0x00000000ef080000)
 ParOldGen       total 116736K, used 65652K [0x0000000080000000, 0x0000000087200000, 0x00000000d5580000)
  object space 116736K, 56% used [0x0000000080000000,0x000000008401d398,0x0000000087200000)
 Metaspace       used 82004K, capacity 85844K, committed 86056K, reserved 1124352K
  class space    used 10810K, capacity 11538K, committed 11568K, reserved 1048576K
}
Event: 35.766 GC heap before
{Heap before GC invocations=21 (full 3):
 PSYoungGen      total 328192K, used 328177K [0x00000000d5580000, 0x00000000ef080000, 0x0000000100000000)
  eden space 290304K, 100% used [0x00000000d5580000,0x00000000e7100000,0x00000000e7100000)
  from space 37888K, 99% used [0x00000000e7100000,0x00000000e95fc560,0x00000000e9600000)
  to   space 45056K, 0% used [0x00000000ec480000,0x00000000ec480000,0x00000000ef080000)
 ParOldGen       total 116736K, used 65652K [0x0000000080000000, 0x0000000087200000, 0x00000000d5580000)
  object space 116736K, 56% used [0x0000000080000000,0x000000008401d398,0x0000000087200000)
 Metaspace       used 91698K, capacity 97842K, committed 97960K, reserved 1132544K
  class space    used 12581K, capacity 13889K, committed 14000K, reserved 1048576K
Event: 35.868 GC heap after
Heap after GC invocations=21 (full 3):
 PSYoungGen      total 369152K, used 43610K [0x00000000d5580000, 0x00000000f0700000, 0x0000000100000000)
  eden space 324096K, 0% used [0x00000000d5580000,0x00000000d5580000,0x00000000e9200000)
  from space 45056K, 96% used [0x00000000ec480000,0x00000000eef16908,0x00000000ef080000)
  to   space 51712K, 0% used [0x00000000e9200000,0x00000000e9200000,0x00000000ec480000)
 ParOldGen       total 116736K, used 79715K [0x0000000080000000, 0x0000000087200000, 0x00000000d5580000)
  object space 116736K, 68% used [0x0000000080000000,0x0000000084dd8c78,0x0000000087200000)
 Metaspace       used 91698K, capacity 97842K, committed 97960K, reserved 1132544K
  class space    used 12581K, capacity 13889K, committed 14000K, reserved 1048576K
}
Event: 36.015 GC heap before
{Heap before GC invocations=22 (full 3):
 PSYoungGen      total 369152K, used 65264K [0x00000000d5580000, 0x00000000f0700000, 0x0000000100000000)
  eden space 324096K, 6% used [0x00000000d5580000,0x00000000d6aa5978,0x00000000e9200000)
  from space 45056K, 96% used [0x00000000ec480000,0x00000000eef16908,0x00000000ef080000)
  to   space 51712K, 0% used [0x00000000e9200000,0x00000000e9200000,0x00000000ec480000)
 ParOldGen       total 116736K, used 79715K [0x0000000080000000, 0x0000000087200000, 0x00000000d5580000)
  object space 116736K, 68% used [0x0000000080000000,0x0000000084dd8c78,0x0000000087200000)
 Metaspace       used 92244K, capacity 98504K, committed 98600K, reserved 1134592K
  class space    used 12660K, capacity 13970K, committed 14000K, reserved 1048576K
Event: 36.044 GC heap after
Heap after GC invocations=22 (full 3):
 PSYoungGen      total 375808K, used 34328K [0x00000000d5580000, 0x00000000f4b00000, 0x0000000100000000)
  eden space 324096K, 0% used [0x00000000d5580000,0x00000000d5580000,0x00000000e9200000)
  from space 51712K, 66% used [0x00000000e9200000,0x00000000eb386138,0x00000000ec480000)
  to   space 53760K, 0% used [0x00000000f1680000,0x00000000f1680000,0x00000000f4b00000)
 ParOldGen       total 116736K, used 79723K [0x0000000080000000, 0x0000000087200000, 0x00000000d5580000)
  object space 116736K, 68% used [0x0000000080000000,0x0000000084ddac78,0x0000000087200000)
 Metaspace       used 92244K, capacity 98504K, committed 98600K, reserved 1134592K
  class space    used 12660K, capacity 13970K, committed 14000K, reserved 1048576K
}
Event: 36.044 GC heap before
{Heap before GC invocations=23 (full 4):
 PSYoungGen      total 375808K, used 34328K [0x00000000d5580000, 0x00000000f4b00000, 0x0000000100000000)
  eden space 324096K, 0% used [0x00000000d5580000,0x00000000d5580000,0x00000000e9200000)
  from space 51712K, 66% used [0x00000000e9200000,0x00000000eb386138,0x00000000ec480000)
  to   space 53760K, 0% used [0x00000000f1680000,0x00000000f1680000,0x00000000f4b00000)
 ParOldGen       total 116736K, used 79723K [0x0000000080000000, 0x0000000087200000, 0x00000000d5580000)
  object space 116736K, 68% used [0x0000000080000000,0x0000000084ddac78,0x0000000087200000)
 Metaspace       used 92244K, capacity 98504K, committed 98600K, reserved 1134592K
  class space    used 12660K, capacity 13970K, committed 14000K, reserved 1048576K
Event: 36.683 GC heap after
Heap after GC invocations=23 (full 4):
 PSYoungGen      total 375808K, used 0K [0x00000000d5580000, 0x00000000f4b00000, 0x0000000100000000)
  eden space 324096K, 0% used [0x00000000d5580000,0x00000000d5580000,0x00000000e9200000)
  from space 51712K, 0% used [0x00000000e9200000,0x00000000e9200000,0x00000000ec480000)
  to   space 53760K, 0% used [0x00000000f1680000,0x00000000f1680000,0x00000000f4b00000)
 ParOldGen       total 199168K, used 88156K [0x0000000080000000, 0x000000008c280000, 0x00000000d5580000)
  object space 199168K, 44% used [0x0000000080000000,0x0000000085617310,0x000000008c280000)
 Metaspace       used 89891K, capacity 94228K, committed 98600K, reserved 1134592K
  class space    used 12021K, capacity 12866K, committed 14000K, reserved 1048576K
}

